2025-07-31 17:15:15,032 - root - INFO - Logging system initialized
2025-07-31 17:15:15,032 - root - INFO - Output directories created in outputs
2025-07-31 17:15:15,033 - root - INFO - Spitogatos Premium Analyzer initialized
2025-07-31 17:15:15,033 - root - INFO - 🚀 Starting Spitogatos Premium Analysis
2025-07-31 17:15:15,033 - root - INFO - Target delivery: 36 hours
2025-07-31 17:15:15,033 - root - INFO - Setting up analysis environment...
2025-07-31 17:15:15,033 - root - INFO - Output directories created in outputs
2025-07-31 17:15:15,033 - root - INFO - Rate limiting: 3.0s base delay
2025-07-31 17:15:15,033 - root - INFO - Target areas: 4
2025-07-31 17:15:15,033 - root - INFO - Success criteria: {'building_blocks_analyzed': 10, 'properties_per_block_avg': 25, 'energy_class_coverage': 0.8, 'data_validation_pass_rate': 0.9, 'statistical_confidence': 0.95}
2025-07-31 17:15:15,033 - root - INFO - Analyzing 4 areas: ['Pangrati_Residential', 'Kolonaki_Premium', 'Exarchia_Cultural', 'Psyrri_Historic']
2025-07-31 17:15:15,033 - root - INFO - 📋 Phase 1: Establishing Robust Foundation
2025-07-31 17:15:15,037 - root - INFO - Intelligent Spitogatos Scraper initialized
2025-07-31 17:15:15,037 - root - INFO - Initialized 3 scraping sessions
2025-07-31 17:15:15,037 - root - INFO - ✓ Scraping infrastructure initialized
2025-07-31 17:15:15,037 - root - INFO - Starting comprehensive search for Pangrati_Residential
2025-07-31 17:15:15,037 - root - INFO - Starting property search for Ymittou, Athens
2025-07-31 17:15:15,037 - root - INFO - Searching page 1: https://www.spitogatos.gr/search?location=Ymittou, Athens&type=apartment&transaction=sale&page=1
2025-07-31 17:15:15,240 - root - WARNING - Unexpected status 405 for https://www.spitogatos.gr/search?location=Ymittou, Athens&type=apartment&transaction=sale&page=1
2025-07-31 17:15:18,471 - root - WARNING - Unexpected status 405 for https://www.spitogatos.gr/search?location=Ymittou, Athens&type=apartment&transaction=sale&page=1
2025-07-31 17:15:22,556 - root - WARNING - Unexpected status 405 for https://www.spitogatos.gr/search?location=Ymittou, Athens&type=apartment&transaction=sale&page=1
2025-07-31 17:15:26,968 - root - WARNING - Unexpected status 405 for https://www.spitogatos.gr/search?location=Ymittou, Athens&type=apartment&transaction=sale&page=1
2025-07-31 17:15:26,969 - root - WARNING - Failed to fetch page 1
2025-07-31 17:15:26,969 - root - INFO - Searching page 2: https://www.spitogatos.gr/search?location=Ymittou, Athens&type=apartment&transaction=sale&page=2
2025-07-31 17:15:30,248 - root - WARNING - Unexpected status 405 for https://www.spitogatos.gr/search?location=Ymittou, Athens&type=apartment&transaction=sale&page=2
2025-07-31 17:15:34,928 - root - WARNING - Unexpected status 405 for https://www.spitogatos.gr/search?location=Ymittou, Athens&type=apartment&transaction=sale&page=2
2025-07-31 17:15:39,360 - root - WARNING - Unexpected status 405 for https://www.spitogatos.gr/search?location=Ymittou, Athens&type=apartment&transaction=sale&page=2
2025-07-31 17:15:43,646 - root - WARNING - Unexpected status 405 for https://www.spitogatos.gr/search?location=Ymittou, Athens&type=apartment&transaction=sale&page=2
2025-07-31 17:15:43,646 - root - WARNING - Failed to fetch page 2
2025-07-31 17:15:43,646 - root - INFO - Searching page 3: https://www.spitogatos.gr/search?location=Ymittou, Athens&type=apartment&transaction=sale&page=3
2025-07-31 17:15:47,522 - root - WARNING - Unexpected status 405 for https://www.spitogatos.gr/search?location=Ymittou, Athens&type=apartment&transaction=sale&page=3
2025-07-31 17:15:51,655 - root - WARNING - Unexpected status 405 for https://www.spitogatos.gr/search?location=Ymittou, Athens&type=apartment&transaction=sale&page=3
2025-07-31 17:15:55,940 - root - WARNING - Unexpected status 405 for https://www.spitogatos.gr/search?location=Ymittou, Athens&type=apartment&transaction=sale&page=3
2025-07-31 17:16:00,221 - root - WARNING - Unexpected status 405 for https://www.spitogatos.gr/search?location=Ymittou, Athens&type=apartment&transaction=sale&page=3
2025-07-31 17:16:00,221 - root - WARNING - Failed to fetch page 3
2025-07-31 17:16:00,222 - root - INFO - Searching page 4: https://www.spitogatos.gr/search?location=Ymittou, Athens&type=apartment&transaction=sale&page=4
2025-07-31 17:16:04,329 - root - WARNING - Unexpected status 405 for https://www.spitogatos.gr/search?location=Ymittou, Athens&type=apartment&transaction=sale&page=4
2025-07-31 17:16:08,625 - root - WARNING - Unexpected status 405 for https://www.spitogatos.gr/search?location=Ymittou, Athens&type=apartment&transaction=sale&page=4
2025-07-31 17:16:11,786 - root - WARNING - Unexpected status 405 for https://www.spitogatos.gr/search?location=Ymittou, Athens&type=apartment&transaction=sale&page=4
2025-07-31 17:16:16,576 - root - WARNING - Unexpected status 405 for https://www.spitogatos.gr/search?location=Ymittou, Athens&type=apartment&transaction=sale&page=4
2025-07-31 17:16:16,576 - root - WARNING - Failed to fetch page 4
2025-07-31 17:16:16,576 - root - INFO - Searching page 5: https://www.spitogatos.gr/search?location=Ymittou, Athens&type=apartment&transaction=sale&page=5
2025-07-31 17:16:21,525 - root - WARNING - Unexpected status 405 for https://www.spitogatos.gr/search?location=Ymittou, Athens&type=apartment&transaction=sale&page=5
2025-07-31 17:16:24,939 - root - WARNING - Unexpected status 405 for https://www.spitogatos.gr/search?location=Ymittou, Athens&type=apartment&transaction=sale&page=5
2025-07-31 17:16:29,743 - root - WARNING - Unexpected status 405 for https://www.spitogatos.gr/search?location=Ymittou, Athens&type=apartment&transaction=sale&page=5
2025-07-31 17:16:33,903 - root - WARNING - Unexpected status 405 for https://www.spitogatos.gr/search?location=Ymittou, Athens&type=apartment&transaction=sale&page=5
2025-07-31 17:16:33,903 - root - WARNING - Failed to fetch page 5
2025-07-31 17:16:33,903 - root - INFO - Searching page 6: https://www.spitogatos.gr/search?location=Ymittou, Athens&type=apartment&transaction=sale&page=6
2025-07-31 17:16:38,984 - root - WARNING - Unexpected status 405 for https://www.spitogatos.gr/search?location=Ymittou, Athens&type=apartment&transaction=sale&page=6
2025-07-31 17:16:43,817 - root - WARNING - Unexpected status 405 for https://www.spitogatos.gr/search?location=Ymittou, Athens&type=apartment&transaction=sale&page=6
