2025-07-31 17:39:56,249 - root - INFO - Logging system initialized
2025-07-31 17:39:56,249 - root - INFO - Output directories created in outputs
2025-07-31 17:39:56,277 - root - INFO - Spitogatos Premium Analyzer initialized
2025-07-31 17:39:56,278 - root - INFO - 🚀 Starting Spitogatos Premium Analysis
2025-07-31 17:39:56,278 - root - INFO - Target delivery: 36 hours
2025-07-31 17:39:56,278 - root - INFO - Setting up analysis environment...
2025-07-31 17:39:56,278 - root - INFO - Output directories created in outputs
2025-07-31 17:39:56,278 - root - INFO - Rate limiting: 3.0s base delay
2025-07-31 17:39:56,278 - root - INFO - Target areas: 4
2025-07-31 17:39:56,278 - root - INFO - Success criteria: {'building_blocks_analyzed': 10, 'properties_per_block_avg': 25, 'energy_class_coverage': 0.8, 'data_validation_pass_rate': 0.9, 'statistical_confidence': 0.95}
2025-07-31 17:39:56,278 - root - INFO - Analyzing 1 areas: ['Pangrati_Residential']
2025-07-31 17:39:56,278 - root - INFO - 📋 Phase 1: Establishing Robust Foundation
2025-07-31 17:39:56,278 - root - INFO - 🚀 Ultimate Spitogatos Scraper initialized
2025-07-31 17:39:56,735 - root - INFO - 🔥 Initialized 2 ultimate stealth sessions
2025-07-31 17:39:56,735 - root - INFO - ✓ Scraping infrastructure initialized
2025-07-31 17:39:56,735 - root - INFO - 🏙️ Searching main area: Pangrati_Residential
2025-07-31 17:39:56,735 - root - INFO - 🎯 Trying search URL: https://www.spitogatos.gr/search/apartments-for-sale/pangrati_residential
2025-07-31 17:39:56,735 - root - INFO - 🌐 Navigating to: https://www.spitogatos.gr/search/apartments-for-sale/pangrati_residential
2025-07-31 17:39:57,400 - root - WARNING - ⚠️ Unexpected status 404
2025-07-31 17:39:57,400 - root - INFO - 🔄 Retry 2 after 10.3s delay
2025-07-31 17:40:07,710 - root - INFO - 🌐 Navigating to: https://www.spitogatos.gr/search/apartments-for-sale/pangrati_residential
2025-07-31 17:40:08,149 - root - WARNING - ⚠️ Unexpected status 404
2025-07-31 17:40:08,149 - root - INFO - 🔄 Retry 3 after 30.5s delay
2025-07-31 17:40:38,610 - root - INFO - 🌐 Navigating to: https://www.spitogatos.gr/search/apartments-for-sale/pangrati_residential
2025-07-31 17:40:38,964 - root - WARNING - ⚠️ Unexpected status 404
2025-07-31 17:40:38,964 - root - WARNING - Failed to load: https://www.spitogatos.gr/search/apartments-for-sale/pangrati_residential
2025-07-31 17:40:38,964 - root - INFO - 🎯 Trying search URL: https://www.spitogatos.gr/search?location=Pangrati_Residential&type=apartment&transaction=sale
2025-07-31 17:40:38,964 - root - INFO - 🌐 Navigating to: https://www.spitogatos.gr/search?location=Pangrati_Residential&type=apartment&transaction=sale
2025-07-31 17:40:39,303 - root - WARNING - ⚠️ Unexpected status 404
2025-07-31 17:40:39,304 - root - INFO - 🔄 Retry 2 after 20.5s delay
2025-07-31 17:40:59,790 - root - INFO - 🌐 Navigating to: https://www.spitogatos.gr/search?location=Pangrati_Residential&type=apartment&transaction=sale
2025-07-31 17:41:00,400 - root - WARNING - ⚠️ Unexpected status 404
2025-07-31 17:41:00,400 - root - INFO - 🔄 Retry 3 after 32.0s delay
2025-07-31 17:41:32,400 - root - INFO - 🌐 Navigating to: https://www.spitogatos.gr/search?location=Pangrati_Residential&type=apartment&transaction=sale
2025-07-31 17:41:32,664 - root - INFO - ✅ Successfully loaded page: 
2025-07-31 17:41:42,951 - root - WARNING - ⚠️ No properties found for Pangrati_Residential
2025-07-31 17:41:53,030 - root - INFO - 🛣️ Searching street: {'name': 'Ymittou', 'range': '35-75', 'priority': 1}, Athens
2025-07-31 17:41:53,031 - root - INFO - 🎯 Trying search URL: https://www.spitogatos.gr/search/apartments-for-sale/{'name':-'ymittou'-'range':-'35-75'-'priority':-1}-athens
2025-07-31 17:41:53,031 - root - INFO - 🌐 Navigating to: https://www.spitogatos.gr/search/apartments-for-sale/{'name':-'ymittou'-'range':-'35-75'-'priority':-1}-athens
2025-07-31 17:41:53,363 - root - INFO - ✅ Successfully loaded page: 
2025-07-31 17:42:00,796 - root - WARNING - ⚠️ No properties found for {'name': 'Ymittou', 'range': '35-75', 'priority': 1}, Athens
2025-07-31 17:42:20,314 - root - INFO - 🏆 Found 0 unique properties for Pangrati_Residential
2025-07-31 17:42:20,315 - root - WARNING - ⚠ Connectivity test returned no results
2025-07-31 17:42:20,315 - root - INFO - ==================================================
2025-07-31 17:42:20,315 - root - INFO - 🚀 ULTIMATE SCRAPER STATISTICS
2025-07-31 17:42:20,315 - root - INFO - ==================================================
2025-07-31 17:42:20,315 - root - INFO - requests_made: 0
2025-07-31 17:42:20,315 - root - INFO - properties_found: 0
2025-07-31 17:42:20,315 - root - INFO - cloudflare_challenges: 0
2025-07-31 17:42:20,315 - root - INFO - challenges_solved: 0
2025-07-31 17:42:20,316 - root - INFO - errors: 0
2025-07-31 17:42:20,316 - root - INFO - session_rotations: 0
2025-07-31 17:42:20,316 - root - INFO - ==================================================
2025-07-31 17:42:20,374 - root - INFO - ✅ Foundation phase completed
2025-07-31 17:42:20,374 - root - INFO - 🔍 Phase 2: Intelligent Data Collection
2025-07-31 17:42:20,374 - root - INFO - Analyzing area 1/1: Pangrati_Residential
2025-07-31 17:42:20,374 - root - INFO - Starting comprehensive analysis for Pangrati_Residential
2025-07-31 17:42:20,374 - root - INFO - 🚀 Ultimate Spitogatos Scraper initialized
2025-07-31 17:42:20,838 - root - INFO - 🔥 Initialized 2 ultimate stealth sessions
2025-07-31 17:42:20,838 - root - INFO - Starting comprehensive discovery for Pangrati_Residential
2025-07-31 17:42:20,838 - root - INFO - Starting systematic street discovery for Pangrati_Residential
2025-07-31 17:42:20,838 - root - INFO - Searching Ymittou (priority 1)
2025-07-31 17:42:20,838 - root - ERROR - ❌ Error searching properties for SearchParams(location='Ymittou, Pangrati_Residential, Athens', property_type='apartment', transaction_type='sale'): 'SearchParams' object has no attribute 'lower'
2025-07-31 17:42:22,839 - root - INFO - Searching Plastira (priority 1)
2025-07-31 17:42:22,839 - root - ERROR - ❌ Error searching properties for SearchParams(location='Plastira, Pangrati_Residential, Athens', property_type='apartment', transaction_type='sale'): 'SearchParams' object has no attribute 'lower'
2025-07-31 17:42:24,841 - root - INFO - Searching Archimidous (priority 2)
2025-07-31 17:42:24,841 - root - ERROR - ❌ Error searching properties for SearchParams(location='Archimidous, Pangrati_Residential, Athens', property_type='apartment', transaction_type='sale'): 'SearchParams' object has no attribute 'lower'
2025-07-31 17:42:27,843 - root - INFO - Searching Damareos (priority 2)
2025-07-31 17:42:27,843 - root - ERROR - ❌ Error searching properties for SearchParams(location='Damareos, Pangrati_Residential, Athens', property_type='apartment', transaction_type='sale'): 'SearchParams' object has no attribute 'lower'
2025-07-31 17:42:30,844 - root - INFO - Searching Formionos (priority 3)
2025-07-31 17:42:30,845 - root - ERROR - ❌ Error searching properties for SearchParams(location='Formionos, Pangrati_Residential, Athens', property_type='apartment', transaction_type='sale'): 'SearchParams' object has no attribute 'lower'
2025-07-31 17:42:33,846 - root - INFO - Starting adjacency-based discovery
2025-07-31 17:42:33,846 - root - INFO - Discovery completed for Pangrati_Residential. Found 0 unique properties
2025-07-31 17:42:33,847 - root - WARNING - No properties discovered for Pangrati_Residential
2025-07-31 17:42:33,905 - root - WARNING - ⚠ No results for Pangrati_Residential
2025-07-31 17:42:33,905 - root - INFO - Area completed in 13.5s. Total elapsed: 0.0h
2025-07-31 17:42:33,905 - root - INFO - Pacing: adding 30.0s delay
2025-07-31 17:43:03,907 - root - INFO - ✅ Data collection completed: 0 total properties
2025-07-31 17:43:03,907 - root - INFO - ⚙️ Phase 3: Advanced Processing
2025-07-31 17:43:03,907 - root - ERROR - No properties available for processing!
2025-07-31 17:43:03,907 - root - INFO - 📊 Phase 4: Premium Output Generation
2025-07-31 17:43:03,908 - root - WARNING - No properties available for reporting
2025-07-31 17:43:03,908 - root - INFO - ✅ Reporting phase completed
2025-07-31 17:43:03,909 - root - INFO - 🎯 Analysis Finalization
2025-07-31 17:43:03,909 - root - INFO - Total duration: 0.1 hours
2025-07-31 17:43:03,909 - root - INFO - Areas completed: 0/4
2025-07-31 17:43:03,909 - root - INFO - Properties discovered: 0
2025-07-31 17:43:03,909 - root - INFO - === Performance Summary ===
2025-07-31 17:43:03,909 - root - INFO - foundation_phase: avg=144.10s, count=1, total=144.10s
2025-07-31 17:43:03,909 - root - INFO - data_collection_phase: avg=43.53s, count=1, total=43.53s
2025-07-31 17:43:03,909 - root - INFO - reporting_phase: avg=0.00s, count=1, total=0.00s
2025-07-31 17:43:03,909 - root - INFO - total_analysis: avg=187.63s, count=1, total=187.63s
2025-07-31 17:43:03,909 - root - INFO - 🏁 Spitogatos Premium Analysis completed!
2025-07-31 17:43:03,909 - root - INFO - ✅ Spitogatos Premium Analysis completed successfully!
